<?xml version="1.0" encoding="UTF-8"?>
<!-- Generated by org.testng.reporters.JUnitReportReporter -->
<testsuite hostname="DESKTOP-HERO5B5" failures="0" tests="1" name="tests.ContactUsTest" time="5.471" errors="0" timestamp="2020-05-27T21:13:42 MESZ" skipped="0">
  <testcase classname="tests.ContactUsTest" name="UserCanUseContactUs" time="5.471"/>
</testsuite> <!-- tests.ContactUsTest -->
