<?xml version="1.0" encoding="UTF-8"?>
<!-- Generated by org.testng.reporters.JUnitReportReporter -->
<testsuite hostname="DESKTOP-HERO5B5" failures="0" tests="4" name="tests.EmailFriendTest" time="24.968" errors="0" timestamp="2020-05-23T11:39:20 MESZ" skipped="0">
  <testcase classname="tests.EmailFriendTest" name="UserCanRegisterSuccessfully" time="10.505"/>
  <testcase classname="tests.EmailFriendTest" name="UserCanSearchUsingAutoSugggest" time="7.214"/>
  <testcase classname="tests.EmailFriendTest" name="RegistredUserCanSendProductToFriend" time="5.706"/>
  <testcase classname="tests.EmailFriendTest" name="UserCanLogOut" time="1.543"/>
</testsuite> <!-- tests.EmailFriendTest -->
