<?xml version="1.0" encoding="UTF-8"?>
<!-- Generated by org.testng.reporters.JUnitReportReporter -->
<testsuite hostname="DESKTOP-HERO5B5" failures="0" tests="3" name="tests.AddProductToShoppingCartTest" time="7.026" errors="0" timestamp="2020-05-30T13:17:18 MESZ" skipped="0">
  <testcase classname="tests.AddProductToShoppingCartTest" name="UserCanSearchForProductUsingAutoSuggest" time="5.101"/>
  <testcase classname="tests.AddProductToShoppingCartTest" name="UserCanAddProductToShoppingCart" time="1.079"/>
  <testcase classname="tests.AddProductToShoppingCartTest" name="UserCanRemoveProductFromShoppingCart" time="0.846"/>
</testsuite> <!-- tests.AddProductToShoppingCartTest -->
