<?xml version="1.0" encoding="UTF-8"?>
<!-- Generated by org.testng.reporters.JUnitReportReporter -->
<testsuite hostname="DESKTOP-HERO5B5" failures="0" tests="2" name="tests.AddProductToCompareTest" time="13.488" errors="0" timestamp="2020-05-29T22:33:25 MESZ" skipped="0">
  <testcase classname="tests.AddProductToCompareTest" name="UserCanCompareProducts" time="13.425"/>
  <testcase classname="tests.AddProductToCompareTest" name="UserClearCompareList" time="0.063"/>
</testsuite> <!-- tests.AddProductToCompareTest -->
