<?xml version="1.0" encoding="UTF-8"?>
<!-- Generated by org.testng.reporters.JUnitReportReporter -->
<testsuite hostname="DESKTOP-HERO5B5" failures="0" tests="1" name="tests.UserRgistrationTest" time="7.197" errors="0" timestamp="2020-05-09T18:40:08 MESZ" skipped="0">
  <testcase classname="tests.UserRgistrationTest" name="UserCanRegisterSuccessfully" time="7.197"/>
  <system-out/>
</testsuite> <!-- tests.UserRgistrationTest -->
