<?xml version="1.0" encoding="UTF-8"?>
<!-- Generated by org.testng.reporters.JUnitReportReporter -->
<testsuite hostname="DESKTOP-HERO5B5" failures="0" tests="4" name="tests.MyAccountTest" time="15.979" errors="0" timestamp="2020-05-17T11:58:52 MESZ" skipped="0">
  <testcase classname="tests.MyAccountTest" name="UserCanRegisterSuccessfully" time="7.540"/>
  <system-out/>
  <testcase classname="tests.MyAccountTest" name="RegisteredUserCanCchangPassord" time="3.168"/>
  <system-out/>
  <testcase classname="tests.MyAccountTest" name="UserCanLogOut" time="1.564"/>
  <system-out/>
  <testcase classname="tests.MyAccountTest" name="UserLogIn" time="3.707"/>
  <system-out/>
</testsuite> <!-- tests.MyAccountTest -->
