<?xml version="1.0" encoding="UTF-8"?>
<!-- Generated by org.testng.reporters.JUnitReportReporter -->
<testsuite hostname="DESKTOP-HERO5B5" failures="0" tests="3" name="tests.AddProductToWishlistTest" time="9.688" errors="0" timestamp="2020-05-27T19:25:06 MESZ" skipped="0">
  <testcase classname="tests.AddProductToWishlistTest" name="UserCanSearchForProduct" time="6.393"/>
  <testcase classname="tests.AddProductToWishlistTest" name="UserCanAddProductToWishlist" time="1.784"/>
  <testcase classname="tests.AddProductToWishlistTest" name="UserCanRemoveProductFromCart" time="1.511"/>
</testsuite> <!-- tests.AddProductToWishlistTest -->
