<?xml version="1.0" encoding="UTF-8"?>
<!-- Generated by org.testng.reporters.JUnitReportReporter -->
<testsuite hostname="DESKTOP-HERO5B5" failures="0" tests="2" name="tests.ChangCurrencyTest" time="8.411" errors="0" timestamp="2020-05-24T12:39:52 MESZ" skipped="0">
  <testcase classname="tests.ChangCurrencyTest" name="UserCanSearchUsingAutoSugggest" time="7.846"/>
  <testcase classname="tests.ChangCurrencyTest" name="UserCanChangeCurrency" time="0.565"/>
</testsuite> <!-- tests.ChangCurrencyTest -->
