<?xml version="1.0" encoding="UTF-8"?>
<!-- Generated by org.testng.reporters.JUnitReportReporter -->
<testsuite hostname="DESKTOP-HERO5B5" failures="0" tests="5" name="tests.RegesitredUserCheckoutProductTest" time="51.720" errors="0" timestamp="2020-06-01T18:55:59 MESZ" skipped="0">
  <testcase classname="tests.RegesitredUserCheckoutProductTest" name="UserCanRegisterSuccessfully" time="6.496"/>
  <testcase classname="tests.RegesitredUserCheckoutProductTest" name="UserCanSearchUsingAutoSugggest" time="4.274"/>
  <testcase classname="tests.RegesitredUserCheckoutProductTest" name="UserCanAddProductToShoppingCart" time="1.935"/>
  <testcase classname="tests.RegesitredUserCheckoutProductTest" name="UserCanCheckoutProduct" time="38.013"/>
  <testcase classname="tests.RegesitredUserCheckoutProductTest" name="RegeistredUserCanLogOut" time="1.002"/>
</testsuite> <!-- tests.RegesitredUserCheckoutProductTest -->
