<?xml version="1.0" encoding="UTF-8"?>
<!-- Generated by org.testng.reporters.JUnitReportReporter -->
<testsuite hostname="DESKTOP-HERO5B5" failures="0" tests="1" name="tests.SearchProductUsingAutoSuggest" time="7.037" errors="0" timestamp="2020-05-22T20:32:12 MESZ" skipped="0">
  <testcase classname="tests.SearchProductUsingAutoSuggest" name="UserCanSearchUsingAutoSugggest" time="7.037"/>
</testsuite> <!-- tests.SearchProductUsingAutoSuggest -->
