<?xml version="1.0" encoding="UTF-8"?>
<!-- Generated by org.testng.reporters.JUnitReportReporter -->
<testsuite hostname="DESKTOP-HERO5B5" failures="0" tests="1" name="tests.ContactUsTest" time="3.422" errors="0" timestamp="2020-05-22T21:27:36 MESZ" skipped="0">
  <testcase classname="tests.ContactUsTest" name="UserCanUseContactUs" time="3.422"/>
</testsuite> <!-- tests.ContactUsTest -->
