<?xml version="1.0" encoding="UTF-8"?>
<!-- Generated by org.testng.reporters.JUnitReportReporter -->
<testsuite hostname="DESKTOP-HERO5B5" failures="0" tests="1" name="tests.SearchProductTest" time="3.842" errors="0" timestamp="2020-05-17T13:21:23 MESZ" skipped="0">
  <testcase classname="tests.SearchProductTest" name="UserCanSearchForProduct" time="3.842"/>
</testsuite> <!-- tests.SearchProductTest -->
