<?xml version="1.0" encoding="UTF-8"?>
<!-- Generated by org.testng.reporters.JUnitReportReporter -->
<testsuite hostname="DESKTOP-HERO5B5" failures="0" tests="1" name="tests.ProductHoverMenuTest" time="4.420" errors="0" timestamp="2020-05-24T21:17:02 MESZ" skipped="0">
  <testcase classname="tests.ProductHoverMenuTest" name="UserCanSelectSubCategoryFromMainMenu" time="4.420"/>
</testsuite> <!-- tests.ProductHoverMenuTest -->
