<?xml version="1.0" encoding="UTF-8"?>
<!-- Generated by org.testng.reporters.JUnitReportReporter -->
<testsuite hostname="DESKTOP-HERO5B5" failures="0" tests="3" name="tests.UserRgistrationTest" time="13.076" errors="0" timestamp="2020-05-16T14:08:44 MESZ" skipped="0">
  <testcase classname="tests.UserRgistrationTest" name="UserCanLogOut" time="1.474"/>
  <testcase classname="tests.UserRgistrationTest" name="UserLogIn" time="3.334"/>
  <testcase classname="tests.UserRgistrationTest" name="UserCanRegisterSuccessfully" time="8.268"/>
</testsuite> <!-- tests.UserRgistrationTest -->
