<?xml version="1.0" encoding="UTF-8"?>
<!-- Generated by org.testng.reporters.JUnitReportReporter -->
<testsuite hostname="DESKTOP-HERO5B5" failures="0" tests="3" name="tests.UserRgistrationTestWithDDTAndPropereiteisFile" time="11.731" errors="0" timestamp="2020-06-06T11:47:25 MESZ" skipped="0">
  <testcase classname="tests.UserRgistrationTestWithDDTAndPropereiteisFile" name="UserLogIn" time="2.499"/>
  <testcase classname="tests.UserRgistrationTestWithDDTAndPropereiteisFile" name="UserCanLogOut" time="2.351"/>
  <testcase classname="tests.UserRgistrationTestWithDDTAndPropereiteisFile" name="UserCanRegisterSuccessfully" time="6.881"/>
</testsuite> <!-- tests.UserRgistrationTestWithDDTAndPropereiteisFile -->
