<?xml version="1.0" encoding="UTF-8"?>
<!-- Generated by org.testng.reporters.JUnitReportReporter -->
<testsuite hostname="DESKTOP-HERO5B5" failures="0" tests="4" name="tests.AddProductReviewTest" time="14.861" errors="0" timestamp="2020-05-24T13:24:30 MESZ" skipped="0">
  <testcase classname="tests.AddProductReviewTest" name="UserCanRegisterSuccessfully" time="7.249"/>
  <testcase classname="tests.AddProductReviewTest" name="UserCanSearchUsingAutoSugggest" time="4.360"/>
  <testcase classname="tests.AddProductReviewTest" name="RegistredUserCanAddReview" time="2.249"/>
  <testcase classname="tests.AddProductReviewTest" name="UserCanLogOut" time="1.003"/>
</testsuite> <!-- tests.AddProductReviewTest -->
